<?xml version="1.0" encoding="UTF-8"?>
<testng-results skipped="0" failed="0" ignored="0" total="2" passed="2">
  <reporter-output>
  </reporter-output>
  <suite name="OpenCartTestSuite" duration-ms="13096" started-at="2022-04-02T11:13:13 EDT" finished-at="2022-04-02T11:13:26 EDT">
    <groups>
      <group name="regression">
        <method signature="TC_001_AccountRegistration.test_account_Registration()[pri:0, instance:testCases.TC_001_AccountRegistration@43a0cee9]" name="test_account_Registration" class="testCases.TC_001_AccountRegistration"/>
      </group> <!-- regression -->
      <group name="sanity">
        <method signature="TC_002_Login.test_Login()[pri:0, instance:testCases.TC_002_Login@eb21112]" name="test_Login" class="testCases.TC_002_Login"/>
      </group> <!-- sanity -->
      <group name="master">
        <method signature="TC_001_AccountRegistration.test_account_Registration()[pri:0, instance:testCases.TC_001_AccountRegistration@43a0cee9]" name="test_account_Registration" class="testCases.TC_001_AccountRegistration"/>
        <method signature="TC_002_Login.test_Login()[pri:0, instance:testCases.TC_002_Login@eb21112]" name="test_Login" class="testCases.TC_002_Login"/>
      </group> <!-- master -->
    </groups>
    <test name="OpenCart tests" duration-ms="13096" started-at="2022-04-02T11:13:13 EDT" finished-at="2022-04-02T11:13:26 EDT">
      <class name="testCases.TC_002_Login">
        <test-method status="PASS" signature="setUp(java.lang.String)[pri:0, instance:testCases.TC_002_Login@eb21112]" name="setUp" is-config="true" duration-ms="1250" started-at="2022-04-02T11:13:22 EDT" finished-at="2022-04-02T11:13:23 EDT">
          <params>
            <param index="0">
              <value>
                <![CDATA[chrome]]>
              </value>
            </param>
          </params>
          <reporter-output>
          </reporter-output>
        </test-method> <!-- setUp -->
        <test-method status="PASS" signature="test_Login()[pri:0, instance:testCases.TC_002_Login@eb21112]" name="test_Login" duration-ms="2750" started-at="2022-04-02T11:13:23 EDT" finished-at="2022-04-02T11:13:26 EDT">
          <reporter-output>
          </reporter-output>
        </test-method> <!-- test_Login -->
        <test-method status="PASS" signature="teardown()[pri:0, instance:testCases.TC_002_Login@eb21112]" name="teardown" is-config="true" duration-ms="141" started-at="2022-04-02T11:13:26 EDT" finished-at="2022-04-02T11:13:26 EDT">
          <reporter-output>
          </reporter-output>
        </test-method> <!-- teardown -->
      </class> <!-- testCases.TC_002_Login -->
      <class name="testCases.TC_001_AccountRegistration">
        <test-method status="PASS" signature="setUp(java.lang.String)[pri:0, instance:testCases.TC_001_AccountRegistration@43a0cee9]" name="setUp" is-config="true" duration-ms="4450" started-at="2022-04-02T11:13:13 EDT" finished-at="2022-04-02T11:13:18 EDT">
          <params>
            <param index="0">
              <value>
                <![CDATA[chrome]]>
              </value>
            </param>
          </params>
          <reporter-output>
          </reporter-output>
        </test-method> <!-- setUp -->
        <test-method status="PASS" signature="test_account_Registration()[pri:0, instance:testCases.TC_001_AccountRegistration@43a0cee9]" name="test_account_Registration" duration-ms="3948" started-at="2022-04-02T11:13:18 EDT" finished-at="2022-04-02T11:13:22 EDT">
          <reporter-output>
          </reporter-output>
        </test-method> <!-- test_account_Registration -->
        <test-method status="PASS" signature="teardown()[pri:0, instance:testCases.TC_001_AccountRegistration@43a0cee9]" name="teardown" is-config="true" duration-ms="178" started-at="2022-04-02T11:13:22 EDT" finished-at="2022-04-02T11:13:22 EDT">
          <reporter-output>
          </reporter-output>
        </test-method> <!-- teardown -->
      </class> <!-- testCases.TC_001_AccountRegistration -->
    </test> <!-- OpenCart tests -->
  </suite> <!-- OpenCartTestSuite -->
</testng-results>
